<?xml version="1.0" encoding="UTF-8"?>
<!-- Generated by org.testng.reporters.JUnitReportReporter -->
<testsuite skipped="0" hostname="Enkhtsetsegs-MacBook-Pro.local" name="Facebook_logIn.FaceBook" tests="2" failures="0" timestamp="2020-01-14T20:58:09 EST" time="21.348" errors="0">
  <testcase name="e" time="1.287" classname="Facebook_logIn.FaceBook"/>
  <testcase name="f" time="20.061" classname="Facebook_logIn.FaceBook"/>
</testsuite> <!-- Facebook_logIn.FaceBook -->
