<?xml version="1.0" encoding="UTF-8"?>
<!-- Generated by org.testng.reporters.JUnitReportReporter -->
<testsuite skipped="0" hostname="Enkhtsetsegs-MacBook-Pro.local" name="GroupID.ArtifactID.NewTest" tests="1" failures="0" timestamp="2020-01-06T21:29:58 EST" time="2.146" errors="0">
  <testcase name="f" time="2.146" classname="GroupID.ArtifactID.NewTest"/>
</testsuite> <!-- GroupID.ArtifactID.NewTest -->
