<?xml version="1.0" encoding="UTF-8"?>
<!-- Generated by org.testng.reporters.JUnitReportReporter -->
<testsuite skipped="0" hostname="Enkhtsetsegs-MacBook-Pro.local" name="GroupID.ArtifactID.iFrameWorkshop" tests="1" failures="0" timestamp="2020-01-14T19:03:35 EST" time="2.059" errors="0">
  <testcase name="f" time="2.059" classname="GroupID.ArtifactID.iFrameWorkshop"/>
</testsuite> <!-- GroupID.ArtifactID.iFrameWorkshop -->
